{"C:\\Users\\Elizabeth\\Documents\\javascript\\Red-social\\SCL007-Social-Network\\src\\js\\data.js": {"path":"C:\\Users\\Elizabeth\\Documents\\javascript\\Red-social\\SCL007-Social-Network\\src\\js\\data.js","statementMap":{"0":{"start":{"line":4,"column":0},"end":{"line":4,"column":27}},"1":{"start":{"line":11,"column":4},"end":{"line":11,"column":57}},"2":{"start":{"line":12,"column":4},"end":{"line":12,"column":70}},"3":{"start":{"line":13,"column":4},"end":{"line":13,"column":69}},"4":{"start":{"line":14,"column":4},"end":{"line":14,"column":25}},"5":{"start":{"line":16,"column":4},"end":{"line":16,"column":30}},"6":{"start":{"line":21,"column":4},"end":{"line":21,"column":60}},"7":{"start":{"line":22,"column":4},"end":{"line":45,"column":6}},"8":{"start":{"line":23,"column":31},"end":{"line":23,"column":33}},"9":{"start":{"line":24,"column":8},"end":{"line":24,"column":67}},"10":{"start":{"line":25,"column":8},"end":{"line":25,"column":27}},"11":{"start":{"line":27,"column":8},"end":{"line":42,"column":9}},"12":{"start":{"line":28,"column":12},"end":{"line":41,"column":13}},"13":{"start":{"line":29,"column":13},"end":{"line":29,"column":319}},"14":{"start":{"line":31,"column":33},"end":{"line":31,"column":86}},"15":{"start":{"line":32,"column":13},"end":{"line":40,"column":16}},"16":{"start":{"line":33,"column":31},"end":{"line":33,"column":41}},"17":{"start":{"line":34,"column":17},"end":{"line":39,"column":16}},"18":{"start":{"line":35,"column":20},"end":{"line":38,"column":21}},"19":{"start":{"line":36,"column":24},"end":{"line":36,"column":206}},"20":{"start":{"line":44,"column":5},"end":{"line":44,"column":80}},"21":{"start":{"line":49,"column":4},"end":{"line":55,"column":5}},"22":{"start":{"line":50,"column":8},"end":{"line":50,"column":77}},"23":{"start":{"line":51,"column":8},"end":{"line":54,"column":11}},"24":{"start":{"line":61,"column":4},"end":{"line":66,"column":5}},"25":{"start":{"line":62,"column":8},"end":{"line":62,"column":95}},"26":{"start":{"line":63,"column":8},"end":{"line":65,"column":11}},"27":{"start":{"line":70,"column":18},"end":{"line":70,"column":19}},"28":{"start":{"line":71,"column":4},"end":{"line":71,"column":78}},"29":{"start":{"line":72,"column":4},"end":{"line":74,"column":7}},"30":{"start":{"line":73,"column":8},"end":{"line":73,"column":34}},"31":{"start":{"line":75,"column":4},"end":{"line":77,"column":7}},"32":{"start":{"line":82,"column":16},"end":{"line":82,"column":24}},"33":{"start":{"line":83,"column":24},"end":{"line":83,"column":43}},"34":{"start":{"line":84,"column":4},"end":{"line":84,"column":82}},"35":{"start":{"line":85,"column":4},"end":{"line":85,"column":115}},"36":{"start":{"line":89,"column":16},"end":{"line":89,"column":24}},"37":{"start":{"line":90,"column":4},"end":{"line":90,"column":27}},"38":{"start":{"line":91,"column":4},"end":{"line":91,"column":138}},"39":{"start":{"line":97,"column":14},"end":{"line":104,"column":2}},"40":{"start":{"line":106,"column":1},"end":{"line":106,"column":32}}},"fnMap":{"0":{"name":"initialize","decl":{"start":{"line":10,"column":9},"end":{"line":10,"column":19}},"loc":{"start":{"line":10,"column":21},"end":{"line":18,"column":1}},"line":10},"1":{"name":"showMessageFromFirebase","decl":{"start":{"line":20,"column":9},"end":{"line":20,"column":32}},"loc":{"start":{"line":20,"column":34},"end":{"line":46,"column":1}},"line":20},"2":{"name":"(anonymous_2)","decl":{"start":{"line":22,"column":26},"end":{"line":22,"column":27}},"loc":{"start":{"line":22,"column":40},"end":{"line":45,"column":5}},"line":22},"3":{"name":"(anonymous_3)","decl":{"start":{"line":32,"column":40},"end":{"line":32,"column":41}},"loc":{"start":{"line":32,"column":54},"end":{"line":40,"column":14}},"line":32},"4":{"name":"updateDelete","decl":{"start":{"line":48,"column":9},"end":{"line":48,"column":21}},"loc":{"start":{"line":48,"column":28},"end":{"line":57,"column":1}},"line":48},"5":{"name":"updateDeleteChild","decl":{"start":{"line":60,"column":9},"end":{"line":60,"column":26}},"loc":{"start":{"line":60,"column":44},"end":{"line":67,"column":2}},"line":60},"6":{"name":"sumLike","decl":{"start":{"line":69,"column":9},"end":{"line":69,"column":16}},"loc":{"start":{"line":69,"column":24},"end":{"line":79,"column":1}},"line":69},"7":{"name":"(anonymous_7)","decl":{"start":{"line":72,"column":30},"end":{"line":72,"column":31}},"loc":{"start":{"line":72,"column":44},"end":{"line":74,"column":5}},"line":72},"8":{"name":"answerMessage","decl":{"start":{"line":81,"column":9},"end":{"line":81,"column":22}},"loc":{"start":{"line":81,"column":33},"end":{"line":86,"column":1}},"line":81},"9":{"name":"sendDataToFirebase","decl":{"start":{"line":88,"column":9},"end":{"line":88,"column":27}},"loc":{"start":{"line":88,"column":34},"end":{"line":93,"column":1}},"line":88},"10":{"name":"initializeFirebase","decl":{"start":{"line":95,"column":9},"end":{"line":95,"column":27}},"loc":{"start":{"line":95,"column":29},"end":{"line":106,"column":33}},"line":95}},"branchMap":{"0":{"loc":{"start":{"line":28,"column":12},"end":{"line":41,"column":13}},"type":"if","locations":[{"start":{"line":28,"column":12},"end":{"line":41,"column":13}},{"start":{"line":28,"column":12},"end":{"line":41,"column":13}}],"line":28},"1":{"loc":{"start":{"line":35,"column":20},"end":{"line":38,"column":21}},"type":"if","locations":[{"start":{"line":35,"column":20},"end":{"line":38,"column":21}},{"start":{"line":35,"column":20},"end":{"line":38,"column":21}}],"line":35},"2":{"loc":{"start":{"line":49,"column":4},"end":{"line":55,"column":5}},"type":"if","locations":[{"start":{"line":49,"column":4},"end":{"line":55,"column":5}},{"start":{"line":49,"column":4},"end":{"line":55,"column":5}}],"line":49},"3":{"loc":{"start":{"line":61,"column":4},"end":{"line":66,"column":5}},"type":"if","locations":[{"start":{"line":61,"column":4},"end":{"line":66,"column":5}},{"start":{"line":61,"column":4},"end":{"line":66,"column":5}}],"line":61}},"s":{"0":1,"1":0,"2":0,"3":0,"4":0,"5":0,"6":0,"7":0,"8":0,"9":0,"10":0,"11":0,"12":0,"13":0,"14":0,"15":0,"16":0,"17":0,"18":0,"19":0,"20":0,"21":0,"22":0,"23":0,"24":0,"25":0,"26":0,"27":0,"28":0,"29":0,"30":0,"31":0,"32":0,"33":0,"34":0,"35":0,"36":0,"37":0,"38":0,"39":0,"40":0},"f":{"0":0,"1":0,"2":0,"3":0,"4":0,"5":0,"6":0,"7":0,"8":0,"9":0,"10":0},"b":{"0":[0,0],"1":[0,0],"2":[0,0],"3":[0,0]},"_coverageSchema":"332fd63041d2c1bcb487cc26dd0d5f7d97098a6c","hash":"03bf54a4291f4003e66c514ce2c714c9bdfa2a9c"}
,"C:\\Users\\Elizabeth\\Documents\\javascript\\Red-social\\SCL007-Social-Network\\src\\js\\mainEC.js": {"path":"C:\\Users\\Elizabeth\\Documents\\javascript\\Red-social\\SCL007-Social-Network\\src\\js\\mainEC.js","statementMap":{"0":{"start":{"line":4,"column":16},"end":{"line":7,"column":1}},"1":{"start":{"line":5,"column":17},"end":{"line":5,"column":18}},"2":{"start":{"line":6,"column":2},"end":{"line":6,"column":18}}},"fnMap":{"0":{"name":"(anonymous_0)","decl":{"start":{"line":4,"column":16},"end":{"line":4,"column":17}},"loc":{"start":{"line":4,"column":22},"end":{"line":7,"column":1}},"line":4}},"branchMap":{},"s":{"0":1,"1":0,"2":0},"f":{"0":0},"b":{},"_coverageSchema":"332fd63041d2c1bcb487cc26dd0d5f7d97098a6c","hash":"7eab2451b083ab859dfb455991d8daa16cb0dd08"}
}
