TN:
SF:C:\Users\Elizabeth\Documents\javascript\Red-social\SCL007-Social-Network\src\js\data.js
FN:10,initialize
FN:20,showMessageFromFirebase
FN:22,(anonymous_2)
FN:32,(anonymous_3)
FN:48,updateDelete
FN:60,updateDeleteChild
FN:69,sumLike
FN:72,(anonymous_7)
FN:81,answerMessage
FN:88,sendDataToFirebase
FN:95,initializeFirebase
FNF:11
FNH:0
FNDA:0,initialize
FNDA:0,showMessageFromFirebase
FNDA:0,(anonymous_2)
FNDA:0,(anonymous_3)
FNDA:0,updateDelete
FNDA:0,updateDeleteChild
FNDA:0,sumLike
FNDA:0,(anonymous_7)
FNDA:0,answerMessage
FNDA:0,sendDataToFirebase
FNDA:0,initializeFirebase
DA:4,1
DA:11,0
DA:12,0
DA:13,0
DA:14,0
DA:16,0
DA:21,0
DA:22,0
DA:23,0
DA:24,0
DA:25,0
DA:27,0
DA:28,0
DA:29,0
DA:31,0
DA:32,0
DA:33,0
DA:34,0
DA:35,0
DA:36,0
DA:44,0
DA:49,0
DA:50,0
DA:51,0
DA:61,0
DA:62,0
DA:63,0
DA:70,0
DA:71,0
DA:72,0
DA:73,0
DA:75,0
DA:82,0
DA:83,0
DA:84,0
DA:85,0
DA:89,0
DA:90,0
DA:91,0
DA:97,0
DA:106,0
LF:41
LH:1
BRDA:28,0,0,0
BRDA:28,0,1,0
BRDA:35,1,0,0
BRDA:35,1,1,0
BRDA:49,2,0,0
BRDA:49,2,1,0
BRDA:61,3,0,0
BRDA:61,3,1,0
BRF:8
BRH:0
end_of_record
TN:
SF:C:\Users\Elizabeth\Documents\javascript\Red-social\SCL007-Social-Network\src\js\mainEC.js
FN:4,(anonymous_0)
FNF:1
FNH:0
FNDA:0,(anonymous_0)
DA:4,1
DA:5,0
DA:6,0
LF:3
LH:1
BRF:0
BRH:0
end_of_record
